2023-04-21 11:58:34 error: [Cake\Controller\Exception\MissingActionException] Action UsersController::login() could not be found, or is not accessible. in /usr/local/var/www/kevin3047/vendor/cakephp/cakephp/src/Controller/Controller.php on line 526
Exception Attributes: array (
  'controller' => 'UsersController',
  'action' => 'login',
  'prefix' => '',
  'plugin' => NULL,
)
Stack Trace:
- /usr/local/var/www/kevin3047/vendor/cakephp/cakephp/src/Controller/ControllerFactory.php:134
- /usr/local/var/www/kevin3047/vendor/cakephp/cakephp/src/Controller/ControllerFactory.php:114
- /usr/local/var/www/kevin3047/vendor/cakephp/cakephp/src/Http/BaseApplication.php:320
- /usr/local/var/www/kevin3047/vendor/cakephp/cakephp/src/Http/Runner.php:86
- /usr/local/var/www/kevin3047/vendor/cakephp/cakephp/src/Http/Middleware/CsrfProtectionMiddleware.php:174
- /usr/local/var/www/kevin3047/vendor/cakephp/cakephp/src/Http/Runner.php:82
- /usr/local/var/www/kevin3047/vendor/cakephp/cakephp/src/Http/Middleware/BodyParserMiddleware.php:157
- /usr/local/var/www/kevin3047/vendor/cakephp/cakephp/src/Http/Runner.php:82
- /usr/local/var/www/kevin3047/vendor/cakephp/cakephp/src/Routing/Middleware/RoutingMiddleware.php:186
- /usr/local/var/www/kevin3047/vendor/cakephp/cakephp/src/Http/Runner.php:82
- /usr/local/var/www/kevin3047/vendor/cakephp/cakephp/src/Routing/Middleware/AssetMiddleware.php:68
- /usr/local/var/www/kevin3047/vendor/cakephp/cakephp/src/Http/Runner.php:82
- /usr/local/var/www/kevin3047/vendor/cakephp/cakephp/src/Error/Middleware/ErrorHandlerMiddleware.php:131
- /usr/local/var/www/kevin3047/vendor/cakephp/cakephp/src/Http/Runner.php:82
- /usr/local/var/www/kevin3047/vendor/cakephp/debug_kit/src/Middleware/DebugKitMiddleware.php:60
- /usr/local/var/www/kevin3047/vendor/cakephp/cakephp/src/Http/Runner.php:82
- /usr/local/var/www/kevin3047/vendor/cakephp/cakephp/src/Http/Runner.php:67
- /usr/local/var/www/kevin3047/vendor/cakephp/cakephp/src/Http/Server.php:90
- /usr/local/var/www/kevin3047/webroot/index.php:40

Request URL: /login
Referer URL: http://localhost:8765/
2023-04-21 11:58:38 error: [Cake\Controller\Exception\MissingActionException] Action UsersController::login() could not be found, or is not accessible. in /usr/local/var/www/kevin3047/vendor/cakephp/cakephp/src/Controller/Controller.php on line 526
Exception Attributes: array (
  'controller' => 'UsersController',
  'action' => 'login',
  'prefix' => '',
  'plugin' => NULL,
)
Stack Trace:
- /usr/local/var/www/kevin3047/vendor/cakephp/cakephp/src/Controller/ControllerFactory.php:134
- /usr/local/var/www/kevin3047/vendor/cakephp/cakephp/src/Controller/ControllerFactory.php:114
- /usr/local/var/www/kevin3047/vendor/cakephp/cakephp/src/Http/BaseApplication.php:320
- /usr/local/var/www/kevin3047/vendor/cakephp/cakephp/src/Http/Runner.php:86
- /usr/local/var/www/kevin3047/vendor/cakephp/cakephp/src/Http/Middleware/CsrfProtectionMiddleware.php:174
- /usr/local/var/www/kevin3047/vendor/cakephp/cakephp/src/Http/Runner.php:82
- /usr/local/var/www/kevin3047/vendor/cakephp/cakephp/src/Http/Middleware/BodyParserMiddleware.php:157
- /usr/local/var/www/kevin3047/vendor/cakephp/cakephp/src/Http/Runner.php:82
- /usr/local/var/www/kevin3047/vendor/cakephp/cakephp/src/Routing/Middleware/RoutingMiddleware.php:186
- /usr/local/var/www/kevin3047/vendor/cakephp/cakephp/src/Http/Runner.php:82
- /usr/local/var/www/kevin3047/vendor/cakephp/cakephp/src/Routing/Middleware/AssetMiddleware.php:68
- /usr/local/var/www/kevin3047/vendor/cakephp/cakephp/src/Http/Runner.php:82
- /usr/local/var/www/kevin3047/vendor/cakephp/cakephp/src/Error/Middleware/ErrorHandlerMiddleware.php:131
- /usr/local/var/www/kevin3047/vendor/cakephp/cakephp/src/Http/Runner.php:82
- /usr/local/var/www/kevin3047/vendor/cakephp/debug_kit/src/Middleware/DebugKitMiddleware.php:60
- /usr/local/var/www/kevin3047/vendor/cakephp/cakephp/src/Http/Runner.php:82
- /usr/local/var/www/kevin3047/vendor/cakephp/cakephp/src/Http/Runner.php:67
- /usr/local/var/www/kevin3047/vendor/cakephp/cakephp/src/Http/Server.php:90
- /usr/local/var/www/kevin3047/webroot/index.php:40

Request URL: /login
Referer URL: http://localhost:8765/
2023-04-21 11:59:04 error: [Cake\Controller\Exception\MissingActionException] Action UsersController::login() could not be found, or is not accessible. in /usr/local/var/www/kevin3047/vendor/cakephp/cakephp/src/Controller/Controller.php on line 526
Exception Attributes: array (
  'controller' => 'UsersController',
  'action' => 'login',
  'prefix' => '',
  'plugin' => NULL,
)
Stack Trace:
- /usr/local/var/www/kevin3047/vendor/cakephp/cakephp/src/Controller/ControllerFactory.php:134
- /usr/local/var/www/kevin3047/vendor/cakephp/cakephp/src/Controller/ControllerFactory.php:114
- /usr/local/var/www/kevin3047/vendor/cakephp/cakephp/src/Http/BaseApplication.php:320
- /usr/local/var/www/kevin3047/vendor/cakephp/cakephp/src/Http/Runner.php:86
- /usr/local/var/www/kevin3047/vendor/cakephp/cakephp/src/Http/Middleware/CsrfProtectionMiddleware.php:174
- /usr/local/var/www/kevin3047/vendor/cakephp/cakephp/src/Http/Runner.php:82
- /usr/local/var/www/kevin3047/vendor/cakephp/cakephp/src/Http/Middleware/BodyParserMiddleware.php:157
- /usr/local/var/www/kevin3047/vendor/cakephp/cakephp/src/Http/Runner.php:82
- /usr/local/var/www/kevin3047/vendor/cakephp/cakephp/src/Routing/Middleware/RoutingMiddleware.php:186
- /usr/local/var/www/kevin3047/vendor/cakephp/cakephp/src/Http/Runner.php:82
- /usr/local/var/www/kevin3047/vendor/cakephp/cakephp/src/Routing/Middleware/AssetMiddleware.php:68
- /usr/local/var/www/kevin3047/vendor/cakephp/cakephp/src/Http/Runner.php:82
- /usr/local/var/www/kevin3047/vendor/cakephp/cakephp/src/Error/Middleware/ErrorHandlerMiddleware.php:131
- /usr/local/var/www/kevin3047/vendor/cakephp/cakephp/src/Http/Runner.php:82
- /usr/local/var/www/kevin3047/vendor/cakephp/debug_kit/src/Middleware/DebugKitMiddleware.php:60
- /usr/local/var/www/kevin3047/vendor/cakephp/cakephp/src/Http/Runner.php:82
- /usr/local/var/www/kevin3047/vendor/cakephp/cakephp/src/Http/Runner.php:67
- /usr/local/var/www/kevin3047/vendor/cakephp/cakephp/src/Http/Server.php:90
- /usr/local/var/www/kevin3047/webroot/index.php:40

Request URL: /login
Referer URL: http://localhost:8765/
2023-04-21 12:00:56 error: [Cake\Controller\Exception\MissingActionException] Action UsersController::login() could not be found, or is not accessible. in /usr/local/var/www/kevin3047/vendor/cakephp/cakephp/src/Controller/Controller.php on line 526
Exception Attributes: array (
  'controller' => 'UsersController',
  'action' => 'login',
  'prefix' => '',
  'plugin' => NULL,
)
Stack Trace:
- /usr/local/var/www/kevin3047/vendor/cakephp/cakephp/src/Controller/ControllerFactory.php:134
- /usr/local/var/www/kevin3047/vendor/cakephp/cakephp/src/Controller/ControllerFactory.php:114
- /usr/local/var/www/kevin3047/vendor/cakephp/cakephp/src/Http/BaseApplication.php:320
- /usr/local/var/www/kevin3047/vendor/cakephp/cakephp/src/Http/Runner.php:86
- /usr/local/var/www/kevin3047/vendor/cakephp/cakephp/src/Http/Middleware/CsrfProtectionMiddleware.php:174
- /usr/local/var/www/kevin3047/vendor/cakephp/cakephp/src/Http/Runner.php:82
- /usr/local/var/www/kevin3047/vendor/cakephp/cakephp/src/Http/Middleware/BodyParserMiddleware.php:157
- /usr/local/var/www/kevin3047/vendor/cakephp/cakephp/src/Http/Runner.php:82
- /usr/local/var/www/kevin3047/vendor/cakephp/cakephp/src/Routing/Middleware/RoutingMiddleware.php:186
- /usr/local/var/www/kevin3047/vendor/cakephp/cakephp/src/Http/Runner.php:82
- /usr/local/var/www/kevin3047/vendor/cakephp/cakephp/src/Routing/Middleware/AssetMiddleware.php:68
- /usr/local/var/www/kevin3047/vendor/cakephp/cakephp/src/Http/Runner.php:82
- /usr/local/var/www/kevin3047/vendor/cakephp/cakephp/src/Error/Middleware/ErrorHandlerMiddleware.php:131
- /usr/local/var/www/kevin3047/vendor/cakephp/cakephp/src/Http/Runner.php:82
- /usr/local/var/www/kevin3047/vendor/cakephp/debug_kit/src/Middleware/DebugKitMiddleware.php:60
- /usr/local/var/www/kevin3047/vendor/cakephp/cakephp/src/Http/Runner.php:82
- /usr/local/var/www/kevin3047/vendor/cakephp/cakephp/src/Http/Runner.php:67
- /usr/local/var/www/kevin3047/vendor/cakephp/cakephp/src/Http/Server.php:90
- /usr/local/var/www/kevin3047/webroot/index.php:40

Request URL: /login
Referer URL: http://localhost:8765/services
